<?xml version="1.0" encoding="UTF-8"?>
<testng-results skipped="0" failed="0" ignored="0" total="1" passed="1">
  <reporter-output>
  </reporter-output>
  <suite name="Default suite" duration-ms="143" started-at="2019-05-21T17:23:44Z" finished-at="2019-05-21T17:23:45Z">
    <groups>
    </groups>
    <test name="Default test" duration-ms="143" started-at="2019-05-21T17:23:44Z" finished-at="2019-05-21T17:23:45Z">
      <class name="com.qa.test.DemoTest1">
        <test-method status="PASS" signature="difference()[pri:0, instance:com.qa.test.DemoTest1@735b5592]" name="difference" duration-ms="25" started-at="2019-05-21T22:53:45Z" finished-at="2019-05-21T22:53:45Z">
          <reporter-output>
          </reporter-output>
        </test-method> <!-- difference -->
      </class> <!-- com.qa.test.DemoTest1 -->
    </test> <!-- Default test -->
  </suite> <!-- Default suite -->
</testng-results>
