<?xml version="1.0" encoding="UTF-8"?>
<testng-results skipped="0" failed="0" ignored="0" total="1" passed="1">
  <reporter-output>
  </reporter-output>
  <suite name="Default suite" duration-ms="854" started-at="2019-05-05T08:41:10Z" finished-at="2019-05-05T08:41:10Z">
    <groups>
    </groups>
    <test name="Default test" duration-ms="854" started-at="2019-05-05T08:41:10Z" finished-at="2019-05-05T08:41:10Z">
      <class name="DataBaseConnection.DataBaseConnector">
        <test-method status="PASS" signature="setUp()[pri:0, instance:DataBaseConnection.DataBaseConnector@4520ebad]" name="setUp" is-config="true" duration-ms="747" started-at="2019-05-05T14:11:10Z" finished-at="2019-05-05T14:11:10Z">
          <reporter-output>
          </reporter-output>
        </test-method> <!-- setUp -->
        <test-method status="PASS" signature="getEmployeesFromDataBase()[pri:0, instance:DataBaseConnection.DataBaseConnector@4520ebad]" name="getEmployeesFromDataBase" duration-ms="85" started-at="2019-05-05T14:11:10Z" finished-at="2019-05-05T14:11:10Z">
          <reporter-output>
          </reporter-output>
        </test-method> <!-- getEmployeesFromDataBase -->
        <test-method status="PASS" signature="tearDown()[pri:0, instance:DataBaseConnection.DataBaseConnector@4520ebad]" name="tearDown" is-config="true" duration-ms="2" started-at="2019-05-05T14:11:10Z" finished-at="2019-05-05T14:11:10Z">
          <reporter-output>
          </reporter-output>
        </test-method> <!-- tearDown -->
      </class> <!-- DataBaseConnection.DataBaseConnector -->
    </test> <!-- Default test -->
  </suite> <!-- Default suite -->
</testng-results>
