<?xml version="1.0" encoding="UTF-8"?>
<testng-results skipped="0" failed="0" ignored="0" total="3" passed="3">
  <reporter-output>
  </reporter-output>
  <suite name="Suite" duration-ms="33" started-at="2018-10-30T18:53:45Z" finished-at="2018-10-30T18:53:45Z">
    <groups>
    </groups>
    <test name="Test" duration-ms="33" started-at="2018-10-30T18:53:45Z" finished-at="2018-10-30T18:53:45Z">
      <class name="com.qa.test.DemoTest">
        <test-method status="PASS" signature="sum()[pri:0, instance:com.qa.test.DemoTest@1e643faf]" name="sum" duration-ms="12" started-at="2018-10-31T00:23:45Z" finished-at="2018-10-31T00:23:45Z">
          <reporter-output>
          </reporter-output>
        </test-method> <!-- sum -->
      </class> <!-- com.qa.test.DemoTest -->
      <class name="com.qa.test.DemoTest1">
        <test-method status="PASS" signature="difference()[pri:0, instance:com.qa.test.DemoTest1@34ce8af7]" name="difference" duration-ms="1" started-at="2018-10-31T00:23:45Z" finished-at="2018-10-31T00:23:45Z">
          <reporter-output>
          </reporter-output>
        </test-method> <!-- difference -->
      </class> <!-- com.qa.test.DemoTest1 -->
      <class name="com.qa.test.DemoTest2">
        <test-method status="PASS" signature="multiply()[pri:0, instance:com.qa.test.DemoTest2@b684286]" name="multiply" duration-ms="1" started-at="2018-10-31T00:23:45Z" finished-at="2018-10-31T00:23:45Z">
          <reporter-output>
          </reporter-output>
        </test-method> <!-- multiply -->
      </class> <!-- com.qa.test.DemoTest2 -->
    </test> <!-- Test -->
  </suite> <!-- Suite -->
</testng-results>
